<?xml version="1.0" encoding="UTF-8"?>
<!-- Generated by org.testng.reporters.JUnitXMLReporter -->
<testsuite ignored="0" hostname="VG" failures="0" tests="3" name="Default test" time="17.313" errors="0" timestamp="2024-01-27T14:29:14 IST">
  <testcase classname="extentReport.GenerateExtentReport" name="LogoTest" time="0.04"/>
  <testcase classname="extentReport.GenerateExtentReport" name="Titletest" time="0.006"/>
  <testcase classname="extentReport.GenerateExtentReport" name="extentReportsDemo" time="0.007"/>
</testsuite> <!-- Default test -->
