<?xml version="1.0" encoding="UTF-8"?>
<!-- Generated by org.testng.reporters.JUnitXMLReporter -->
<testsuite ignored="0" hostname="VG" failures="0" tests="1" name="Test" time="0.053" errors="0" timestamp="2024-01-22T11:32:51 IST">
  <testcase classname="Selenium_Advance.TestFlow" name="@BeforeSuite beforesuite" time="0.015">
    <failure type="java.lang.NullPointerException" message="Cannot invoke &amp;quot;org.openqa.selenium.WebDriver.get(String)&amp;quot; because &amp;quot;this.driver&amp;quot; is null">
      <![CDATA[java.lang.NullPointerException: Cannot invoke "org.openqa.selenium.WebDriver.get(String)" because "this.driver" is null
at Selenium_Advance.TestFlow.beforesuite(TestFlow.java:26)
... Removed 19 stack frames]]>
    </failure>
  </testcase> <!-- @BeforeSuite beforesuite -->
  <testcase classname="Selenium_Advance.TestFlow" name="@BeforeTest beforetest" time="-1.705903371055E9">
    <skipped/>
  </testcase> <!-- @BeforeTest beforetest -->
  <testcase classname="Selenium_Advance.TestFlow" name="@BeforeClass beforeclass" time="-1.705903371074E9">
    <skipped/>
  </testcase> <!-- @BeforeClass beforeclass -->
  <testcase classname="Selenium_Advance.TestFlow" name="@BeforeMethod beforemethod" time="-1.705903371086E9">
    <skipped/>
  </testcase> <!-- @BeforeMethod beforemethod -->
  <testcase classname="Selenium_Advance.TestFlow" name="@AfterMethod afterMethod" time="-1.705903371093E9">
    <skipped/>
  </testcase> <!-- @AfterMethod afterMethod -->
  <testcase classname="Selenium_Advance.TestFlow" name="@AfterClass afterClass" time="-1.705903371103E9">
    <skipped/>
  </testcase> <!-- @AfterClass afterClass -->
  <testcase classname="Selenium_Advance.TestFlow" name="@AfterTest AfterTest" time="-1.705903371106E9">
    <skipped/>
  </testcase> <!-- @AfterTest AfterTest -->
  <testcase classname="Selenium_Advance.TestFlow" name="test" time="0.0">
    <skipped/>
  </testcase> <!-- test -->
</testsuite> <!-- Test -->
