<?xml version="1.0" encoding="UTF-8"?>
<!-- Generated by org.testng.reporters.JUnitXMLReporter -->
<testsuite ignored="0" hostname="VG" failures="1" tests="2" name="LoginTest" time="0.073" errors="0" timestamp="2024-01-25T09:43:38 IST">
  <testcase classname="listeners.LoginTest" name="loginByEmail" time="0.019"/>
  <testcase classname="listeners.LoginTest" name="loginByFB" time="0.003">
    <failure type="java.lang.AssertionError" message="expected [Tester@123] but found [test@123]">
      <![CDATA[java.lang.AssertionError: expected [Tester@123] but found [test@123]
at listeners.LoginTest.loginByFB(LoginTest.java:16)
at java.base/java.util.ArrayList.forEach(ArrayList.java:1511)
... Removed 33 stack frames]]>
    </failure>
  </testcase> <!-- loginByFB -->
</testsuite> <!-- LoginTest -->
